<?xml version="1.0" encoding="UTF-8"?>
<databaseChangeLog xmlns="http://www.liquibase.org/xml/ns/dbchangelog"
                   xmlns:xsi="http://www.w3.org/2001/XMLSchema-instance"
                   xsi:schemaLocation="http://www.liquibase.org/xml/ns/dbchangelog
                   http://www.liquibase.org/xml/ns/dbchangelog/dbchangelog-latest.xsd">

    <!-- Test-only changelog: creates minimal users and companies tables required by job_postings FKs,
         then includes the production job_postings changelog. -->

    <changeSet id="test-create-users-table" author="tests">
        <createTable tableName="users">
            <column name="id" type="char(36)">
                <constraints primaryKey="true" nullable="false"/>
            </column>
            <column name="created_at" type="datetime">
                <constraints nullable="false"/>
            </column>
        </createTable>
    </changeSet>

    <changeSet id="test-create-companies-table" author="tests">
        <createTable tableName="companies">
            <column name="id" type="char(36)">
                <constraints primaryKey="true" nullable="false"/>
            </column>
            <column name="created_at" type="datetime">
                <constraints nullable="false"/>
            </column>
            <column name="name" type="varchar(255)"/>
        </createTable>
    </changeSet>

    <!-- Include the production job_postings changelog so we test the real schema -->
    <include file="/db.changelog/v0.1/05-create-job-postings-table.xml"/>

</databaseChangeLog>
